[ERROR] 2017-01-11 00:27:00.071 [qtp1393036992-32] GreetingServiceImpl - exception 500
java.lang.NullPointerException: null
	at com.maxeremin.server.GreetingServiceImpl.readTypes(GreetingServiceImpl.java:70) [classes/:?]
	at sun.reflect.NativeMethodAccessorImpl.invoke0(Native Method) ~[?:1.8.0_101]
	at sun.reflect.NativeMethodAccessorImpl.invoke(Unknown Source) ~[?:1.8.0_101]
	at sun.reflect.DelegatingMethodAccessorImpl.invoke(Unknown Source) ~[?:1.8.0_101]
	at java.lang.reflect.Method.invoke(Unknown Source) ~[?:1.8.0_101]
	at com.google.gwt.user.server.rpc.RPC.invokeAndEncodeResponse(RPC.java:587) [gwt-servlet.jar:?]
	at com.google.gwt.user.server.rpc.RemoteServiceServlet.processCall(RemoteServiceServlet.java:333) [gwt-servlet.jar:?]
	at com.google.gwt.user.server.rpc.RemoteServiceServlet.processCall(RemoteServiceServlet.java:303) [gwt-servlet.jar:?]
	at com.google.gwt.user.server.rpc.RemoteServiceServlet.processPost(RemoteServiceServlet.java:373) [gwt-servlet.jar:?]
	at com.google.gwt.user.server.rpc.AbstractRemoteServiceServlet.doPost(AbstractRemoteServiceServlet.java:62) [gwt-servlet.jar:?]
	at javax.servlet.http.HttpServlet.service(HttpServlet.java:755) [gwt-user.jar:?]
	at javax.servlet.http.HttpServlet.service(HttpServlet.java:848) [gwt-user.jar:?]
	at org.eclipse.jetty.servlet.ServletHolder.handle(ServletHolder.java:686) [gwt-dev.jar:?]
	at org.eclipse.jetty.servlet.ServletHandler.doHandle(ServletHandler.java:501) [gwt-dev.jar:?]
	at org.eclipse.jetty.server.handler.ScopedHandler.handle(ScopedHandler.java:137) [gwt-dev.jar:?]
	at org.eclipse.jetty.security.SecurityHandler.handle(SecurityHandler.java:557) [gwt-dev.jar:?]
	at org.eclipse.jetty.server.session.SessionHandler.doHandle(SessionHandler.java:231) [gwt-dev.jar:?]
	at org.eclipse.jetty.server.handler.ContextHandler.doHandle(ContextHandler.java:1086) [gwt-dev.jar:?]
	at org.eclipse.jetty.servlet.ServletHandler.doScope(ServletHandler.java:428) [gwt-dev.jar:?]
	at org.eclipse.jetty.server.session.SessionHandler.doScope(SessionHandler.java:193) [gwt-dev.jar:?]
	at org.eclipse.jetty.server.handler.ContextHandler.doScope(ContextHandler.java:1020) [gwt-dev.jar:?]
	at org.eclipse.jetty.server.handler.ScopedHandler.handle(ScopedHandler.java:135) [gwt-dev.jar:?]
	at org.eclipse.jetty.server.handler.HandlerWrapper.handle(HandlerWrapper.java:116) [gwt-dev.jar:?]
	at org.eclipse.jetty.server.handler.RequestLogHandler.handle(RequestLogHandler.java:68) [gwt-dev.jar:?]
	at org.eclipse.jetty.server.handler.HandlerWrapper.handle(HandlerWrapper.java:116) [gwt-dev.jar:?]
	at org.eclipse.jetty.server.Server.handle(Server.java:370) [gwt-dev.jar:?]
	at org.eclipse.jetty.server.AbstractHttpConnection.handleRequest(AbstractHttpConnection.java:489) [gwt-dev.jar:?]
	at org.eclipse.jetty.server.AbstractHttpConnection.content(AbstractHttpConnection.java:960) [gwt-dev.jar:?]
	at org.eclipse.jetty.server.AbstractHttpConnection$RequestHandler.content(AbstractHttpConnection.java:1021) [gwt-dev.jar:?]
	at org.eclipse.jetty.http.HttpParser.parseNext(HttpParser.java:865) [gwt-dev.jar:?]
	at org.eclipse.jetty.http.HttpParser.parseAvailable(HttpParser.java:240) [gwt-dev.jar:?]
	at org.eclipse.jetty.server.AsyncHttpConnection.handle(AsyncHttpConnection.java:82) [gwt-dev.jar:?]
	at org.eclipse.jetty.io.nio.SelectChannelEndPoint.handle(SelectChannelEndPoint.java:668) [gwt-dev.jar:?]
	at org.eclipse.jetty.io.nio.SelectChannelEndPoint$1.run(SelectChannelEndPoint.java:52) [gwt-dev.jar:?]
	at org.eclipse.jetty.util.thread.QueuedThreadPool.runJob(QueuedThreadPool.java:608) [gwt-dev.jar:?]
	at org.eclipse.jetty.util.thread.QueuedThreadPool$3.run(QueuedThreadPool.java:543) [gwt-dev.jar:?]
	at java.lang.Thread.run(Unknown Source) [?:1.8.0_101]
